<?xml version="1.0" encoding="UTF-8"?>
<testng-results ignored="0" total="1" passed="1" failed="0" skipped="0">
  <reporter-output>
  </reporter-output>
  <suite started-at="2021-02-11T10:05:23Z" name="Suite" finished-at="2021-02-11T10:09:20Z" duration-ms="237572">
    <groups>
    </groups>
    <test started-at="2021-02-11T10:05:23Z" name="Test" finished-at="2021-02-11T10:09:20Z" duration-ms="237572">
      <class name="atc.testscripts.TestScripts">
        <test-method is-config="true" signature="setUp()[pri:0, instance:atc.testscripts.TestScripts@1205bd62]" started-at="2021-02-11T10:05:23Z" name="setUp" finished-at="2021-02-11T10:06:01Z" duration-ms="38487" status="PASS">
          <reporter-output>
          </reporter-output>
        </test-method> <!-- setUp -->
        <test-method signature="testScript001()[pri:0, instance:atc.testscripts.TestScripts@1205bd62]" started-at="2021-02-11T10:06:01Z" name="testScript001" finished-at="2021-02-11T10:09:20Z" duration-ms="198953" status="PASS">
          <reporter-output>
          </reporter-output>
        </test-method> <!-- testScript001 -->
        <test-method is-config="true" signature="tearDown()[pri:0, instance:atc.testscripts.TestScripts@1205bd62]" started-at="2021-02-11T10:09:20Z" name="tearDown" finished-at="2021-02-11T10:09:20Z" duration-ms="6" status="PASS">
          <reporter-output>
          </reporter-output>
        </test-method> <!-- tearDown -->
      </class> <!-- atc.testscripts.TestScripts -->
    </test> <!-- Test -->
  </suite> <!-- Suite -->
</testng-results>
